2023-05-03 15:05:38,359 - INFO - ====== WebDriver manager ======
2023-05-03 15:05:40,656 - INFO - Get LATEST chromedriver version for google-chrome 112.0.5615
2023-05-03 15:05:43,066 - INFO - Driver [C:\Users\hp\.wdm\drivers\chromedriver\win32\112.0.5615\chromedriver.exe] found in cache
2023-05-03 15:05:46,619 - INFO - Navigating to https://alnafi.academy/
2023-05-03 15:06:30,841 - INFO - Clicking on 'Sign up' button
2023-05-03 15:06:57,707 - INFO - ====== WebDriver manager ======
2023-05-03 15:06:59,411 - INFO - Get LATEST chromedriver version for google-chrome 112.0.5615
2023-05-03 15:07:13,986 - INFO - Driver [C:\Users\hp\.wdm\drivers\chromedriver\win32\112.0.5615\chromedriver.exe] found in cache
2023-05-03 15:07:16,532 - INFO - Navigating to https://alnafi.academy/
2023-05-03 15:11:09,290 - INFO - Clicking on 'Sign up' button
2023-05-03 15:11:14,433 - INFO - Entering username
2023-05-03 15:11:19,646 - INFO - Entering first name
2023-05-03 15:11:24,812 - INFO - Entering last name
2023-05-03 15:11:29,963 - INFO - Entering email
2023-05-03 15:11:35,099 - INFO - Entering password
2023-05-03 15:11:40,239 - INFO - Confirming password
2023-05-03 15:11:45,390 - INFO - Entering contact information
2023-05-03 15:11:50,533 - INFO - Entering address
2023-05-03 15:11:55,686 - INFO - Submitting form
2023-05-03 15:12:15,830 - INFO - Closing the webdriver
2023-05-03 16:16:31,610 - INFO - ====== WebDriver manager ======
2023-05-03 16:16:33,447 - INFO - Get LATEST chromedriver version for google-chrome 112.0.5615
2023-05-03 16:16:35,784 - INFO - Driver [C:\Users\hp\.wdm\drivers\chromedriver\win32\112.0.5615\chromedriver.exe] found in cache
2023-05-03 16:16:37,542 - INFO - Navigating to https://alnafi.academy/
2023-05-03 16:18:41,965 - INFO - entering user name
2023-05-03 16:18:44,098 - INFO - entering password
2023-05-03 16:18:46,212 - INFO - clicking on 'sign in' button
2023-05-03 16:18:56,636 - INFO - clicking on 'go to home' button
2023-05-03 16:20:33,180 - INFO - ====== WebDriver manager ======
2023-05-03 16:20:36,118 - INFO - Get LATEST chromedriver version for google-chrome 112.0.5615
2023-05-03 16:20:40,529 - INFO - Driver [C:\Users\hp\.wdm\drivers\chromedriver\win32\112.0.5615\chromedriver.exe] found in cache
2023-05-03 16:20:43,226 - INFO - Navigating to https://alnafi.academy/
2023-05-03 16:21:22,088 - INFO - entering user name
2023-05-03 16:21:24,256 - INFO - entering password
2023-05-03 16:21:26,453 - INFO - clicking on 'sign in' button
2023-05-03 16:21:36,770 - INFO - clicking on 'go to home' button
2023-05-03 16:33:48,276 - INFO - ====== WebDriver manager ======
2023-05-03 16:33:51,261 - INFO - Get LATEST chromedriver version for google-chrome 112.0.5615
2023-05-03 16:33:56,490 - INFO - Driver [C:\Users\hp\.wdm\drivers\chromedriver\win32\112.0.5615\chromedriver.exe] found in cache
2023-05-03 16:34:00,919 - INFO - Navigating to https://alnafi.academy/
2023-05-03 16:35:17,208 - INFO - ====== WebDriver manager ======
2023-05-03 16:35:18,984 - INFO - Get LATEST chromedriver version for google-chrome 112.0.5615
2023-05-03 16:35:20,979 - INFO - Driver [C:\Users\hp\.wdm\drivers\chromedriver\win32\112.0.5615\chromedriver.exe] found in cache
2023-05-03 16:35:23,484 - INFO - Navigating to https://alnafi.academy/
2023-05-03 16:35:47,895 - INFO - entering user name
2023-05-03 16:35:50,140 - INFO - entering password
2023-05-03 16:35:52,352 - INFO - clicking on 'sign in' button
2023-05-03 16:36:02,454 - INFO - clicking on 'go to home' button
2023-05-03 16:36:18,892 - INFO - ====== WebDriver manager ======
2023-05-03 16:36:20,422 - INFO - Get LATEST chromedriver version for google-chrome 112.0.5615
2023-05-03 16:36:22,585 - INFO - Driver [C:\Users\hp\.wdm\drivers\chromedriver\win32\112.0.5615\chromedriver.exe] found in cache
2023-05-03 16:36:25,195 - INFO - Navigating to https://alnafi.academy/
2023-05-03 16:36:51,372 - INFO - entering user name
2023-05-03 16:36:53,634 - INFO - entering password
2023-05-03 16:36:55,810 - INFO - clicking on 'sign in' button
2023-05-03 16:37:15,920 - INFO - clicking on 'go to home' button
2023-05-03 16:37:51,285 - INFO - navigating to to pricing page
2023-05-03 16:38:56,816 - INFO - ====== WebDriver manager ======
2023-05-03 16:38:58,562 - INFO - Get LATEST chromedriver version for google-chrome 112.0.5615
2023-05-03 16:39:01,905 - INFO - Driver [C:\Users\hp\.wdm\drivers\chromedriver\win32\112.0.5615\chromedriver.exe] found in cache
2023-05-03 16:39:04,344 - INFO - Navigating to https://alnafi.academy/
2023-05-03 16:39:41,369 - INFO - entering user name
2023-05-03 16:39:43,608 - INFO - entering password
2023-05-03 16:39:45,793 - INFO - clicking on 'sign in' button
2023-05-03 16:40:05,889 - INFO - clicking on 'go to home' button
2023-05-03 16:42:24,746 - INFO - navigating to to pricing page
2023-05-03 16:48:29,522 - INFO - ====== WebDriver manager ======
2023-05-03 16:48:32,500 - INFO - Get LATEST chromedriver version for google-chrome 112.0.5615
2023-05-03 16:48:35,282 - INFO - Driver [C:\Users\hp\.wdm\drivers\chromedriver\win32\112.0.5615\chromedriver.exe] found in cache
2023-05-03 16:48:38,186 - INFO - Navigating to https://alnafi.academy/
2023-05-03 16:49:05,796 - INFO - entering user name
2023-05-03 16:49:08,034 - INFO - entering password
2023-05-03 16:49:10,208 - INFO - clicking on 'sign in' button
2023-05-03 16:49:30,300 - INFO - clicking on 'go to home' button
2023-05-03 16:50:09,819 - INFO - navigating to to pricing page
2023-05-03 16:51:01,550 - INFO - ====== WebDriver manager ======
2023-05-03 16:51:03,474 - INFO - Get LATEST chromedriver version for google-chrome 112.0.5615
2023-05-03 16:51:11,681 - INFO - ====== WebDriver manager ======
2023-05-03 16:51:13,282 - INFO - Get LATEST chromedriver version for google-chrome 112.0.5615
2023-05-03 16:51:15,835 - INFO - Driver [C:\Users\hp\.wdm\drivers\chromedriver\win32\112.0.5615\chromedriver.exe] found in cache
2023-05-03 16:51:18,328 - INFO - Navigating to https://alnafi.academy/
2023-05-03 16:52:05,513 - INFO - entering user name
2023-05-03 16:52:07,765 - INFO - entering password
2023-05-03 16:52:09,954 - INFO - clicking on 'sign in' button
2023-05-03 16:52:30,061 - INFO - clicking on 'go to home' button
2023-05-25 22:58:12,334 - INFO - ====== WebDriver manager ======
2023-05-25 22:58:13,480 - INFO - Get LATEST chromedriver version for google-chrome 113.0.5672
2023-05-25 22:58:15,435 - INFO - Driver [C:\Users\hp\.wdm\drivers\chromedriver\win32\113.0.5672\chromedriver.exe] found in cache
2023-05-25 22:58:17,278 - INFO - Navigating to https://alnafi.academy/
2023-05-25 22:58:40,078 - INFO - entering user name
2023-05-25 22:58:42,282 - INFO - entering password
2023-05-25 22:58:44,414 - INFO - clicking on 'sign in' button
2023-05-25 22:59:04,510 - INFO - clicking on 'go to home' button
2023-05-25 22:59:23,432 - INFO - navigating to to pricing page
2023-05-25 23:00:12,756 - INFO - ====== WebDriver manager ======
2023-05-25 23:00:13,723 - INFO - Get LATEST chromedriver version for google-chrome 113.0.5672
2023-05-25 23:00:15,456 - INFO - Driver [C:\Users\hp\.wdm\drivers\chromedriver\win32\113.0.5672\chromedriver.exe] found in cache
2023-05-25 23:00:17,601 - INFO - Navigating to https://alnafi.academy/
2023-05-25 23:00:40,053 - INFO - entering user name
2023-05-25 23:00:42,260 - INFO - entering password
2023-05-25 23:00:44,396 - INFO - clicking on 'sign in' button
2023-05-25 23:01:04,495 - INFO - clicking on 'go to home' button
2023-05-25 23:01:24,420 - INFO - navigating to to pricing page
2023-05-25 23:01:35,705 - INFO - monthly bundle price verification
2023-05-25 23:05:15,272 - INFO - ====== WebDriver manager ======
2023-05-25 23:05:16,272 - INFO - Get LATEST chromedriver version for google-chrome 113.0.5672
2023-05-25 23:05:18,111 - INFO - Driver [C:\Users\hp\.wdm\drivers\chromedriver\win32\113.0.5672\chromedriver.exe] found in cache
2023-05-25 23:05:19,913 - INFO - Navigating to https://alnafi.academy/
2023-05-25 23:05:42,725 - INFO - entering user name
2023-05-25 23:05:44,928 - INFO - entering password
2023-05-25 23:05:47,051 - INFO - clicking on 'sign in' button
2023-05-25 23:06:07,153 - INFO - clicking on 'go to home' button
2023-05-25 23:06:26,913 - INFO - navigating to to pricing page
2023-05-25 23:06:38,621 - INFO - monthly bundle price verification
2023-05-25 23:07:38,091 - INFO - ====== WebDriver manager ======
2023-05-25 23:07:39,266 - INFO - Get LATEST chromedriver version for google-chrome 113.0.5672
2023-05-25 23:07:40,975 - INFO - Driver [C:\Users\hp\.wdm\drivers\chromedriver\win32\113.0.5672\chromedriver.exe] found in cache
2023-05-25 23:07:42,709 - INFO - Navigating to https://alnafi.academy/
2023-05-25 23:08:05,439 - INFO - entering user name
2023-05-25 23:08:07,632 - INFO - entering password
2023-05-25 23:08:09,755 - INFO - clicking on 'sign in' button
2023-05-25 23:08:29,850 - INFO - clicking on 'go to home' button
2023-05-25 23:08:50,813 - INFO - navigating to to pricing page
2023-05-25 23:09:01,929 - INFO - monthly bundle price verification
2023-05-25 23:14:04,635 - INFO - ====== WebDriver manager ======
2023-05-25 23:14:06,263 - INFO - Get LATEST chromedriver version for google-chrome 113.0.5672
2023-05-25 23:14:08,292 - INFO - Driver [C:\Users\hp\.wdm\drivers\chromedriver\win32\113.0.5672\chromedriver.exe] found in cache
2023-05-25 23:14:11,471 - INFO - Navigating to https://alnafi.academy/
2023-05-25 23:14:33,943 - INFO - entering user name
2023-05-25 23:14:36,131 - INFO - entering password
2023-05-25 23:14:38,248 - INFO - clicking on 'sign in' button
2023-05-25 23:14:58,338 - INFO - clicking on 'go to home' button
2023-05-25 23:15:22,653 - INFO - navigating to to pricing page
2023-05-25 23:15:34,768 - INFO - monthly bundle price verification
2023-05-25 23:21:04,171 - INFO - ====== WebDriver manager ======
2023-05-25 23:21:05,110 - INFO - Get LATEST chromedriver version for google-chrome 113.0.5672
2023-05-25 23:21:06,939 - INFO - Driver [C:\Users\hp\.wdm\drivers\chromedriver\win32\113.0.5672\chromedriver.exe] found in cache
2023-05-25 23:21:08,785 - INFO - Navigating to https://alnafi.academy/
2023-05-25 23:21:30,987 - INFO - entering user name
2023-05-25 23:21:33,179 - INFO - entering password
2023-05-25 23:21:35,340 - INFO - clicking on 'sign in' button
2023-05-25 23:21:55,450 - INFO - clicking on 'go to home' button
2023-05-25 23:22:14,531 - INFO - navigating to to pricing page
2023-05-25 23:22:26,379 - INFO - monthly bundle price verification
2023-05-25 23:22:31,834 - INFO - processing to checkout
2023-05-25 23:22:43,679 - INFO - entering easypaisa account number
2023-05-25 23:22:48,812 - INFO - clicking on pay button
2023-06-05 17:43:33,143 - INFO - Navigating to https://alnafi.academy/
